// 同步 ID: e06af628 @ Fri Jul  3 23:50:59 UTC 2026
// 同步 ID: 50a0a954 @ Sat Jul  4 06:23:33 UTC 2026
// 同步 ID: b883b257 @ Sat Jul  4 09:34:43 UTC 2026
// 同步 ID: 6dcf0bcb @ Sat Jul  4 11:56:19 UTC 2026
// 重构日志: 8d1c51ee
// 重构日志: a4b216cf
// 同步 ID: 6ce9e29e @ Sun Jul  5 04:56:46 UTC 2026
// 同步 ID: ded6d0e1 @ Mon Jul  6 00:28:07 UTC 2026
// 重构日志: 9dd9baf6
// 重构日志: 43c4b88f
// 重构日志: 77c1590d
// 同步 ID: 10701171 @ Thu Jul  9 04:05:40 UTC 2026
// 重构日志: 1dc12786
// 同步 ID: bb411afa @ Thu Jul  9 21:17:51 UTC 2026
// 重构日志: 1d53ab47
// 重构日志: 3691dea5
// 重构日志: ad235e5a
// 重构日志: 892a755a
// 重构日志: 14a00a36
// 重构日志: 3027bb06
// 重构日志: 9616d021
// 重构日志: de625821
// 同步 ID: 44986b09 @ Sun Jul 12 15:12:43 UTC 2026
// 同步 ID: a9028ccc @ Sun Jul 12 16:13:07 UTC 2026
// 同步 ID: 5fd83a83 @ Mon Jul 13 03:22:04 UTC 2026
// 同步 ID: 1a727f77 @ Mon Jul 13 06:59:50 UTC 2026
// 重构日志: 7afd75af
// 同步 ID: 97d80681 @ Tue Jul 14 05:37:34 UTC 2026
// 重构日志: 4b0c7b13
// 同步 ID: d3765721 @ Tue Jul 14 13:11:51 UTC 2026
// 重构日志: 34d2686a
// 重构日志: 09501d24
// 重构日志: 4273099f
// 重构日志: 5125f802
// 重构日志: 997c0d4e
